0 info it worked if it ends with ok
1 verbose cli [ 'C:\\Program Files\\nodejs\\node.exe',
1 verbose cli   'C:\\Program Files\\nodejs\\node_modules\\npm\\bin\\npm-cli.js',
1 verbose cli   'run',
1 verbose cli   'dev' ]
2 info using npm@3.10.10
3 info using node@v6.11.1
4 verbose run-script [ 'predev', 'dev', 'postdev' ]
5 info lifecycle counter@1.0.0~predev: counter@1.0.0
6 silly lifecycle counter@1.0.0~predev: no script for predev, continuing
7 info lifecycle counter@1.0.0~dev: counter@1.0.0
8 verbose lifecycle counter@1.0.0~dev: unsafe-perm in lifecycle true
9 verbose lifecycle counter@1.0.0~dev: PATH: C:\Program Files\nodejs\node_modules\npm\bin\node-gyp-bin;C:\Users\heguangjin\Desktop\彬哥老师\代码\counter\node_modules\.bin;C:\Python27\;C:\Python27\Scripts;C:\ProgramData\Oracle\Java\javapath;C:\Program Files\Java\jdk1.8.0_66\bin；C:\ProgramData\Oracle\Java\javapath;;:\app\heguangjin\product\11.2.0\dbhome_1\bin;H;\JavaDevelopre\Java\jdk1.8.0_65\bin；C:\ProgramData\Oracle\Java\javapath;;:\java\jdk1.7.0_09\bin;C:\Windows\system32;C:\Windows;C:\Windows\system32\wbem;C:\Program Files\TortoiseSVN\bin;C:\Program Files\MongoDB\Server\3.4\bin;C:\Program Files\nodejs\;C:\Program Files\Git\bin;C:\Program Files\Java\jdk1.8.0_121\bin;C:\Android\tools;C:\Android\platform-tools;C:\Program Files (x86)\Yarn\bin;C:\Program Files (x86)\Yarn\bin;C:\Python27;C:\Users\heguangjin\AppData\Roaming\npm;C:\Program Files (x86)\Microsoft VS Code\bin;C:\Users\岛国AV\AppData\Roaming\npm;C:\Users\岛国AV\AppData\Local\Yarn\bin
10 verbose lifecycle counter@1.0.0~dev: CWD: C:\Users\heguangjin\Desktop\彬哥老师\代码\counter
11 silly lifecycle counter@1.0.0~dev: Args: [ '/d /s /c',
11 silly lifecycle   'webpack-dev-server --contentBase src --open --port 85 --hot' ]
12 silly lifecycle counter@1.0.0~dev: Returned: code: 3221225786  signal: null
13 info lifecycle counter@1.0.0~dev: Failed to exec dev script
14 verbose stack Error: counter@1.0.0 dev: `webpack-dev-server --contentBase src --open --port 85 --hot`
14 verbose stack Exit status 3221225786
14 verbose stack     at EventEmitter.<anonymous> (C:\Program Files\nodejs\node_modules\npm\lib\utils\lifecycle.js:255:16)
14 verbose stack     at emitTwo (events.js:106:13)
14 verbose stack     at EventEmitter.emit (events.js:191:7)
14 verbose stack     at ChildProcess.<anonymous> (C:\Program Files\nodejs\node_modules\npm\lib\utils\spawn.js:40:14)
14 verbose stack     at emitTwo (events.js:106:13)
14 verbose stack     at ChildProcess.emit (events.js:191:7)
14 verbose stack     at maybeClose (internal/child_process.js:891:16)
14 verbose stack     at Process.ChildProcess._handle.onexit (internal/child_process.js:226:5)
15 verbose pkgid counter@1.0.0
16 verbose cwd C:\Users\heguangjin\Desktop\彬哥老师\代码\counter
17 error Windows_NT 6.3.9600
18 error argv "C:\\Program Files\\nodejs\\node.exe" "C:\\Program Files\\nodejs\\node_modules\\npm\\bin\\npm-cli.js" "run" "dev"
19 error node v6.11.1
20 error npm  v3.10.10
21 error code ELIFECYCLE
22 error counter@1.0.0 dev: `webpack-dev-server --contentBase src --open --port 85 --hot`
22 error Exit status 3221225786
23 error Failed at the counter@1.0.0 dev script 'webpack-dev-server --contentBase src --open --port 85 --hot'.
23 error Make sure you have the latest version of node.js and npm installed.
23 error If you do, this is most likely a problem with the counter package,
23 error not with npm itself.
23 error Tell the author that this fails on your system:
23 error     webpack-dev-server --contentBase src --open --port 85 --hot
23 error You can get information on how to open an issue for this project with:
23 error     npm bugs counter
23 error Or if that isn't available, you can get their info via:
23 error     npm owner ls counter
23 error There is likely additional logging output above.
24 verbose exit [ 1, true ]
